2019-01-27T13:56:05+00:00 CRITICAL syntax error, unexpected end of file in C:\xampp\htdocs\wp-content\themes\oceanwp-child\templates\material.php on line 21

2019-01-27T13:56:23+00:00 CRITICAL syntax error, unexpected end of file in C:\xampp\htdocs\wp-content\themes\oceanwp-child\templates\material.php on line 20

2019-01-27T14:01:29+00:00 CRITICAL syntax error, unexpected 'while' (T_WHILE) in C:\xampp\htdocs\wp-content\themes\oceanwp-child\templates\material.php on line 16

2019-01-27T14:05:01+00:00 CRITICAL syntax error, unexpected end of file in C:\xampp\htdocs\wp-content\themes\oceanwp-child\templates\material.php on line 21

2019-01-27T14:05:13+00:00 CRITICAL syntax error, unexpected ',' in C:\xampp\htdocs\wp-content\themes\oceanwp-child\templates\material.php on line 16

2019-01-27T14:05:26+00:00 CRITICAL syntax error, unexpected end of file in C:\xampp\htdocs\wp-content\themes\oceanwp-child\templates\material.php on line 20

2019-01-27T14:05:33+00:00 CRITICAL syntax error, unexpected ':' in C:\xampp\htdocs\wp-content\themes\oceanwp-child\templates\material.php on line 16

2019-01-27T14:05:45+00:00 CRITICAL syntax error, unexpected end of file in C:\xampp\htdocs\wp-content\themes\oceanwp-child\templates\material.php on line 20

2019-01-27T14:07:39+00:00 CRITICAL syntax error, unexpected end of file in C:\xampp\htdocs\wp-content\themes\oceanwp-child\templates\material.php on line 20

2019-01-27T14:07:45+00:00 CRITICAL syntax error, unexpected end of file in C:\xampp\htdocs\wp-content\themes\oceanwp-child\templates\material.php on line 19

2019-01-27T14:08:13+00:00 CRITICAL syntax error, unexpected end of file in C:\xampp\htdocs\wp-content\themes\oceanwp-child\templates\material.php on line 20

2019-01-27T14:09:30+00:00 CRITICAL syntax error, unexpected end of file in C:\xampp\htdocs\wp-content\themes\oceanwp-child\templates\material.php on line 20

2019-01-27T14:10:05+00:00 CRITICAL syntax error, unexpected end of file in C:\xampp\htdocs\wp-content\themes\oceanwp-child\templates\material.php on line 19

2019-01-27T14:10:54+00:00 CRITICAL syntax error, unexpected '}' in C:\xampp\htdocs\wp-content\themes\oceanwp-child\templates\material.php on line 18

2019-01-27T14:12:02+00:00 CRITICAL syntax error, unexpected '}' in C:\xampp\htdocs\wp-content\themes\oceanwp-child\templates\material.php on line 21

2019-01-27T14:13:38+00:00 CRITICAL Call to undefined method WooCommerce::get_image_size() in C:\xampp\htdocs\wp-content\themes\oceanwp-child\templates\material.php on line 20

2019-01-27T14:15:24+00:00 CRITICAL Call to undefined method WooCommerce::get_image_size() in C:\xampp\htdocs\wp-content\themes\oceanwp-child\templates\material.php on line 21

2019-01-27T14:15:57+00:00 CRITICAL Call to undefined method WooCommerce::get_image_size() in C:\xampp\htdocs\wp-content\themes\oceanwp-child\templates\material.php on line 21

2019-01-27T14:31:28+00:00 CRITICAL syntax error, unexpected '$postid' (T_VARIABLE), expecting '(' in C:\xampp\htdocs\wp-content\themes\oceanwp-child\templates\material.php on line 17

2019-01-27T14:39:10+00:00 CRITICAL syntax error, unexpected '!' in C:\xampp\htdocs\wp-content\themes\oceanwp-child\templates\material.php on line 21

2019-01-27T14:39:24+00:00 CRITICAL syntax error, unexpected end of file in C:\xampp\htdocs\wp-content\themes\oceanwp-child\templates\material.php on line 52

2019-01-27T14:40:21+00:00 CRITICAL syntax error, unexpected end of file in C:\xampp\htdocs\wp-content\themes\oceanwp-child\templates\material.php on line 55

2019-01-27T14:40:57+00:00 CRITICAL syntax error, unexpected end of file in C:\xampp\htdocs\wp-content\themes\oceanwp-child\templates\material.php on line 47

2019-01-27T14:41:12+00:00 CRITICAL syntax error, unexpected end of file in C:\xampp\htdocs\wp-content\themes\oceanwp-child\templates\material.php on line 48

2019-01-27T14:42:45+00:00 CRITICAL syntax error, unexpected '<' in C:\xampp\htdocs\wp-content\themes\oceanwp-child\templates\material.php on line 46

2019-01-27T14:42:58+00:00 CRITICAL syntax error, unexpected end of file in C:\xampp\htdocs\wp-content\themes\oceanwp-child\templates\material.php on line 52

